<?xml version="1.0" encoding="UTF-8"?>
<!-- Generated by org.testng.reporters.JUnitReportReporter -->
<testsuite hostname="YECOL094" name="test.TestCase_man_NewCustomer" tests="1" failures="0" timestamp="15 Apr 2015 06:59:47 GMT" time="138.810" errors="0">
  <testcase name="TestNewCustomer" time="138.810" classname="test.TestCase_man_NewCustomer"/>
</testsuite> <!-- test.TestCase_man_NewCustomer -->
