<?xml version="1.0" encoding="UTF-8"?>
<!-- Generated by org.testng.reporters.JUnitReportReporter -->
<testsuite hostname="YECOL094" name="test.TestCase_women_ReturnCustomer" tests="1" failures="0" timestamp="15 Apr 2015 06:59:47 GMT" time="108.874" errors="0">
  <testcase name="TestReturnCustomer" time="108.874" classname="test.TestCase_women_ReturnCustomer"/>
</testsuite> <!-- test.TestCase_women_ReturnCustomer -->
