<?xml version="1.0" encoding="UTF-8"?>
<!-- Generated by org.testng.reporters.JUnitReportReporter -->
<testsuite hostname="YECOL094" name="testhk.TestCase_women_ReturnCustomer_HK" tests="1" failures="0" timestamp="15 Apr 2015 06:59:47 GMT" time="186.699" errors="0">
  <testcase name="TestReturnCustomerHK" time="186.699" classname="testhk.TestCase_women_ReturnCustomer_HK"/>
</testsuite> <!-- testhk.TestCase_women_ReturnCustomer_HK -->
